<?xml version="1.0" encoding="UTF-8"?>
<!-- Generated by org.testng.reporters.JUnitReportReporter -->
<testsuite hostname="DESKTOP-2HJLIK5" failures="0" tests="2" name="com.testing.Facebooklogin" time="22.865" errors="0" timestamp="2022-10-03T18:43:23 IST" skipped="0">
  <testcase classname="com.testing.Facebooklogin" name="loginWithChrome" time="0.822"/>
  <system-out/>
  <testcase classname="com.testing.Facebooklogin" name="launchChrome" time="22.043"/>
  <system-out/>
</testsuite> <!-- com.testing.Facebooklogin -->
